The system is: Linux - 4.4.87-22-ev3dev-ev3 - armv5tejl
Compiling the C compiler identification source file "CMakeCCompilerId.c" succeeded.
Compiler: /usr/bin/cc 
Build flags: 
Id flags: 

The output was:
0


Compilation of the C compiler identification source "CMakeCCompilerId.c" produced "a.out"

The C compiler identification is GNU, found in "/home/robot/catkin_ws/build/CMakeFiles/3.0.2/CompilerIdC/a.out"

Compiling the CXX compiler identification source file "CMakeCXXCompilerId.cpp" succeeded.
Compiler: /usr/bin/c++ 
Build flags: 
Id flags: 

The output was:
0


Compilation of the CXX compiler identification source "CMakeCXXCompilerId.cpp" produced "a.out"

The CXX compiler identification is GNU, found in "/home/robot/catkin_ws/build/CMakeFiles/3.0.2/CompilerIdCXX/a.out"

Determining if the C compiler works passed with the following output:
Change Dir: /home/robot/catkin_ws/build/CMakeFiles/CMakeTmp

Run Build Command:"/usr/bin/make" "cmTryCompileExec1105494985/fast"
/usr/bin/make -f CMakeFiles/cmTryCompileExec1105494985.dir/build.make CMakeFiles/cmTryCompileExec1105494985.dir/build
make[1]: Entering directory '/home/robot/catkin_ws/build/CMakeFiles/CMakeTmp'
/usr/bin/cmake -E cmake_progress_report /home/robot/catkin_ws/build/CMakeFiles/CMakeTmp/CMakeFiles 1
Building C object CMakeFiles/cmTryCompileExec1105494985.dir/testCCompiler.c.o
/usr/bin/cc    -o CMakeFiles/cmTryCompileExec1105494985.dir/testCCompiler.c.o   -c /home/robot/catkin_ws/build/CMakeFiles/CMakeTmp/testCCompiler.c
Linking C executable cmTryCompileExec1105494985
/usr/bin/cmake -E cmake_link_script CMakeFiles/cmTryCompileExec1105494985.dir/link.txt --verbose=1
/usr/bin/cc       CMakeFiles/cmTryCompileExec1105494985.dir/testCCompiler.c.o  -o cmTryCompileExec1105494985 -rdynamic 
make[1]: Leaving directory '/home/robot/catkin_ws/build/CMakeFiles/CMakeTmp'


Detecting C compiler ABI info compiled with the following output:
Change Dir: /home/robot/catkin_ws/build/CMakeFiles/CMakeTmp

Run Build Command:"/usr/bin/make" "cmTryCompileExec1499977998/fast"
/usr/bin/make -f CMakeFiles/cmTryCompileExec1499977998.dir/build.make CMakeFiles/cmTryCompileExec1499977998.dir/build
make[1]: Entering directory '/home/robot/catkin_ws/build/CMakeFiles/CMakeTmp'
/usr/bin/cmake -E cmake_progress_report /home/robot/catkin_ws/build/CMakeFiles/CMakeTmp/CMakeFiles 1
Building C object CMakeFiles/cmTryCompileExec1499977998.dir/CMakeCCompilerABI.c.o
/usr/bin/cc    -o CMakeFiles/cmTryCompileExec1499977998.dir/CMakeCCompilerABI.c.o   -c /usr/share/cmake-3.0/Modules/CMakeCCompilerABI.c
Linking C executable cmTryCompileExec1499977998
/usr/bin/cmake -E cmake_link_script CMakeFiles/cmTryCompileExec1499977998.dir/link.txt --verbose=1
/usr/bin/cc     -v CMakeFiles/cmTryCompileExec1499977998.dir/CMakeCCompilerABI.c.o  -o cmTryCompileExec1499977998 -rdynamic  
Using built-in specs.
COLLECT_GCC=/usr/bin/cc
COLLECT_LTO_WRAPPER=/usr/lib/gcc/arm-linux-gnueabi/4.9/lto-wrapper
Target: arm-linux-gnueabi
Configured with: ../src/configure -v --with-pkgversion='Debian 4.9.2-10+deb8u2' --with-bugurl=file:///usr/share/doc/gcc-4.9/README.Bugs --enable-languages=c,c++,java,go,d,fortran,objc,obj-c++ --prefix=/usr --program-suffix=-4.9 --enable-shared --enable-linker-build-id --libexecdir=/usr/lib --without-included-gettext --enable-threads=posix --with-gxx-include-dir=/usr/include/c++/4.9 --libdir=/usr/lib --enable-nls --with-sysroot=/ --enable-clocale=gnu --enable-libstdcxx-debug --enable-libstdcxx-time=yes --enable-gnu-unique-object --disable-libitm --disable-libquadmath --enable-plugin --with-system-zlib --disable-browser-plugin --enable-java-awt=gtk --enable-gtk-cairo --with-java-home=/usr/lib/jvm/java-1.5.0-gcj-4.9-armel/jre --enable-java-home --with-jvm-root-dir=/usr/lib/jvm/java-1.5.0-gcj-4.9-armel --with-jvm-jar-dir=/usr/lib/jvm-exports/java-1.5.0-gcj-4.9-armel --with-arch-directory=arm --with-ecj-jar=/usr/share/java/eclipse-ecj.jar --enable-objc-gc --enable-multiarch --disable-sjlj-exceptions --with-arch=armv4t --with-float=soft --enable-checking=release --build=arm-linux-gnueabi --host=arm-linux-gnueabi --target=arm-linux-gnueabi
Thread model: posix
gcc version 4.9.2 (Debian 4.9.2-10+deb8u2) 
COMPILER_PATH=/usr/lib/gcc/arm-linux-gnueabi/4.9/:/usr/lib/gcc/arm-linux-gnueabi/4.9/:/usr/lib/gcc/arm-linux-gnueabi/:/usr/lib/gcc/arm-linux-gnueabi/4.9/:/usr/lib/gcc/arm-linux-gnueabi/
LIBRARY_PATH=/usr/lib/gcc/arm-linux-gnueabi/4.9/:/usr/lib/gcc/arm-linux-gnueabi/4.9/../../../arm-linux-gnueabi/:/usr/lib/gcc/arm-linux-gnueabi/4.9/../../../:/lib/arm-linux-gnueabi/:/lib/:/usr/lib/arm-linux-gnueabi/:/usr/lib/
COLLECT_GCC_OPTIONS='-v' '-o' 'cmTryCompileExec1499977998' '-rdynamic' '-march=armv4t' '-mfloat-abi=soft' '-mtls-dialect=gnu'
 /usr/lib/gcc/arm-linux-gnueabi/4.9/collect2 -plugin /usr/lib/gcc/arm-linux-gnueabi/4.9/liblto_plugin.so -plugin-opt=/usr/lib/gcc/arm-linux-gnueabi/4.9/lto-wrapper -plugin-opt=-fresolution=/tmp/ccVqxN4M.res -plugin-opt=-pass-through=-lgcc -plugin-opt=-pass-through=-lgcc_s -plugin-opt=-pass-through=-lc -plugin-opt=-pass-through=-lgcc -plugin-opt=-pass-through=-lgcc_s --sysroot=/ --build-id --eh-frame-hdr -export-dynamic -dynamic-linker /lib/ld-linux.so.3 -X --hash-style=gnu -m armelf_linux_eabi -o cmTryCompileExec1499977998 /usr/lib/gcc/arm-linux-gnueabi/4.9/../../../arm-linux-gnueabi/crt1.o /usr/lib/gcc/arm-linux-gnueabi/4.9/../../../arm-linux-gnueabi/crti.o /usr/lib/gcc/arm-linux-gnueabi/4.9/crtbegin.o -L/usr/lib/gcc/arm-linux-gnueabi/4.9 -L/usr/lib/gcc/arm-linux-gnueabi/4.9/../../../arm-linux-gnueabi -L/usr/lib/gcc/arm-linux-gnueabi/4.9/../../.. -L/lib/arm-linux-gnueabi -L/usr/lib/arm-linux-gnueabi CMakeFiles/cmTryCompileExec1499977998.dir/CMakeCCompilerABI.c.o -lgcc --as-needed -lgcc_s --no-as-needed -lc -lgcc --as-needed -lgcc_s --no-as-needed /usr/lib/gcc/arm-linux-gnueabi/4.9/crtend.o /usr/lib/gcc/arm-linux-gnueabi/4.9/../../../arm-linux-gnueabi/crtn.o
make[1]: Leaving directory '/home/robot/catkin_ws/build/CMakeFiles/CMakeTmp'


Parsed C implicit link information from above output:
  link line regex: [^( *|.*[/\])(ld|([^/\]+-)?ld|collect2)[^/\]*( |$)]
  ignore line: [Change Dir: /home/robot/catkin_ws/build/CMakeFiles/CMakeTmp]
  ignore line: []
  ignore line: [Run Build Command:"/usr/bin/make" "cmTryCompileExec1499977998/fast"]
  ignore line: [/usr/bin/make -f CMakeFiles/cmTryCompileExec1499977998.dir/build.make CMakeFiles/cmTryCompileExec1499977998.dir/build]
  ignore line: [make[1]: Entering directory '/home/robot/catkin_ws/build/CMakeFiles/CMakeTmp']
  ignore line: [/usr/bin/cmake -E cmake_progress_report /home/robot/catkin_ws/build/CMakeFiles/CMakeTmp/CMakeFiles 1]
  ignore line: [Building C object CMakeFiles/cmTryCompileExec1499977998.dir/CMakeCCompilerABI.c.o]
  ignore line: [/usr/bin/cc    -o CMakeFiles/cmTryCompileExec1499977998.dir/CMakeCCompilerABI.c.o   -c /usr/share/cmake-3.0/Modules/CMakeCCompilerABI.c]
  ignore line: [Linking C executable cmTryCompileExec1499977998]
  ignore line: [/usr/bin/cmake -E cmake_link_script CMakeFiles/cmTryCompileExec1499977998.dir/link.txt --verbose=1]
  ignore line: [/usr/bin/cc     -v CMakeFiles/cmTryCompileExec1499977998.dir/CMakeCCompilerABI.c.o  -o cmTryCompileExec1499977998 -rdynamic  ]
  ignore line: [Using built-in specs.]
  ignore line: [COLLECT_GCC=/usr/bin/cc]
  ignore line: [COLLECT_LTO_WRAPPER=/usr/lib/gcc/arm-linux-gnueabi/4.9/lto-wrapper]
  ignore line: [Target: arm-linux-gnueabi]
  ignore line: [Configured with: ../src/configure -v --with-pkgversion='Debian 4.9.2-10+deb8u2' --with-bugurl=file:///usr/share/doc/gcc-4.9/README.Bugs --enable-languages=c,c++,java,go,d,fortran,objc,obj-c++ --prefix=/usr --program-suffix=-4.9 --enable-shared --enable-linker-build-id --libexecdir=/usr/lib --without-included-gettext --enable-threads=posix --with-gxx-include-dir=/usr/include/c++/4.9 --libdir=/usr/lib --enable-nls --with-sysroot=/ --enable-clocale=gnu --enable-libstdcxx-debug --enable-libstdcxx-time=yes --enable-gnu-unique-object --disable-libitm --disable-libquadmath --enable-plugin --with-system-zlib --disable-browser-plugin --enable-java-awt=gtk --enable-gtk-cairo --with-java-home=/usr/lib/jvm/java-1.5.0-gcj-4.9-armel/jre --enable-java-home --with-jvm-root-dir=/usr/lib/jvm/java-1.5.0-gcj-4.9-armel --with-jvm-jar-dir=/usr/lib/jvm-exports/java-1.5.0-gcj-4.9-armel --with-arch-directory=arm --with-ecj-jar=/usr/share/java/eclipse-ecj.jar --enable-objc-gc --enable-multiarch --disable-sjlj-exceptions --with-arch=armv4t --with-float=soft --enable-checking=release --build=arm-linux-gnueabi --host=arm-linux-gnueabi --target=arm-linux-gnueabi]
  ignore line: [Thread model: posix]
  ignore line: [gcc version 4.9.2 (Debian 4.9.2-10+deb8u2) ]
  ignore line: [COMPILER_PATH=/usr/lib/gcc/arm-linux-gnueabi/4.9/:/usr/lib/gcc/arm-linux-gnueabi/4.9/:/usr/lib/gcc/arm-linux-gnueabi/:/usr/lib/gcc/arm-linux-gnueabi/4.9/:/usr/lib/gcc/arm-linux-gnueabi/]
  ignore line: [LIBRARY_PATH=/usr/lib/gcc/arm-linux-gnueabi/4.9/:/usr/lib/gcc/arm-linux-gnueabi/4.9/../../../arm-linux-gnueabi/:/usr/lib/gcc/arm-linux-gnueabi/4.9/../../../:/lib/arm-linux-gnueabi/:/lib/:/usr/lib/arm-linux-gnueabi/:/usr/lib/]
  ignore line: [COLLECT_GCC_OPTIONS='-v' '-o' 'cmTryCompileExec1499977998' '-rdynamic' '-march=armv4t' '-mfloat-abi=soft' '-mtls-dialect=gnu']
  link line: [ /usr/lib/gcc/arm-linux-gnueabi/4.9/collect2 -plugin /usr/lib/gcc/arm-linux-gnueabi/4.9/liblto_plugin.so -plugin-opt=/usr/lib/gcc/arm-linux-gnueabi/4.9/lto-wrapper -plugin-opt=-fresolution=/tmp/ccVqxN4M.res -plugin-opt=-pass-through=-lgcc -plugin-opt=-pass-through=-lgcc_s -plugin-opt=-pass-through=-lc -plugin-opt=-pass-through=-lgcc -plugin-opt=-pass-through=-lgcc_s --sysroot=/ --build-id --eh-frame-hdr -export-dynamic -dynamic-linker /lib/ld-linux.so.3 -X --hash-style=gnu -m armelf_linux_eabi -o cmTryCompileExec1499977998 /usr/lib/gcc/arm-linux-gnueabi/4.9/../../../arm-linux-gnueabi/crt1.o /usr/lib/gcc/arm-linux-gnueabi/4.9/../../../arm-linux-gnueabi/crti.o /usr/lib/gcc/arm-linux-gnueabi/4.9/crtbegin.o -L/usr/lib/gcc/arm-linux-gnueabi/4.9 -L/usr/lib/gcc/arm-linux-gnueabi/4.9/../../../arm-linux-gnueabi -L/usr/lib/gcc/arm-linux-gnueabi/4.9/../../.. -L/lib/arm-linux-gnueabi -L/usr/lib/arm-linux-gnueabi CMakeFiles/cmTryCompileExec1499977998.dir/CMakeCCompilerABI.c.o -lgcc --as-needed -lgcc_s --no-as-needed -lc -lgcc --as-needed -lgcc_s --no-as-needed /usr/lib/gcc/arm-linux-gnueabi/4.9/crtend.o /usr/lib/gcc/arm-linux-gnueabi/4.9/../../../arm-linux-gnueabi/crtn.o]
    arg [/usr/lib/gcc/arm-linux-gnueabi/4.9/collect2] ==> ignore
    arg [-plugin] ==> ignore
    arg [/usr/lib/gcc/arm-linux-gnueabi/4.9/liblto_plugin.so] ==> ignore
    arg [-plugin-opt=/usr/lib/gcc/arm-linux-gnueabi/4.9/lto-wrapper] ==> ignore
    arg [-plugin-opt=-fresolution=/tmp/ccVqxN4M.res] ==> ignore
    arg [-plugin-opt=-pass-through=-lgcc] ==> ignore
    arg [-plugin-opt=-pass-through=-lgcc_s] ==> ignore
    arg [-plugin-opt=-pass-through=-lc] ==> ignore
    arg [-plugin-opt=-pass-through=-lgcc] ==> ignore
    arg [-plugin-opt=-pass-through=-lgcc_s] ==> ignore
    arg [--sysroot=/] ==> ignore
    arg [--build-id] ==> ignore
    arg [--eh-frame-hdr] ==> ignore
    arg [-export-dynamic] ==> ignore
    arg [-dynamic-linker] ==> ignore
    arg [/lib/ld-linux.so.3] ==> ignore
    arg [-X] ==> ignore
    arg [--hash-style=gnu] ==> ignore
    arg [-m] ==> ignore
    arg [armelf_linux_eabi] ==> ignore
    arg [-o] ==> ignore
    arg [cmTryCompileExec1499977998] ==> ignore
    arg [/usr/lib/gcc/arm-linux-gnueabi/4.9/../../../arm-linux-gnueabi/crt1.o] ==> ignore
    arg [/usr/lib/gcc/arm-linux-gnueabi/4.9/../../../arm-linux-gnueabi/crti.o] ==> ignore
    arg [/usr/lib/gcc/arm-linux-gnueabi/4.9/crtbegin.o] ==> ignore
    arg [-L/usr/lib/gcc/arm-linux-gnueabi/4.9] ==> dir [/usr/lib/gcc/arm-linux-gnueabi/4.9]
    arg [-L/usr/lib/gcc/arm-linux-gnueabi/4.9/../../../arm-linux-gnueabi] ==> dir [/usr/lib/gcc/arm-linux-gnueabi/4.9/../../../arm-linux-gnueabi]
    arg [-L/usr/lib/gcc/arm-linux-gnueabi/4.9/../../..] ==> dir [/usr/lib/gcc/arm-linux-gnueabi/4.9/../../..]
    arg [-L/lib/arm-linux-gnueabi] ==> dir [/lib/arm-linux-gnueabi]
    arg [-L/usr/lib/arm-linux-gnueabi] ==> dir [/usr/lib/arm-linux-gnueabi]
    arg [CMakeFiles/cmTryCompileExec1499977998.dir/CMakeCCompilerABI.c.o] ==> ignore
    arg [-lgcc] ==> lib [gcc]
    arg [--as-needed] ==> ignore
    arg [-lgcc_s] ==> lib [gcc_s]
    arg [--no-as-needed] ==> ignore
    arg [-lc] ==> lib [c]
    arg [-lgcc] ==> lib [gcc]
    arg [--as-needed] ==> ignore
    arg [-lgcc_s] ==> lib [gcc_s]
    arg [--no-as-needed] ==> ignore
    arg [/usr/lib/gcc/arm-linux-gnueabi/4.9/crtend.o] ==> ignore
    arg [/usr/lib/gcc/arm-linux-gnueabi/4.9/../../../arm-linux-gnueabi/crtn.o] ==> ignore
  remove lib [gcc]
  remove lib [gcc_s]
  remove lib [gcc]
  remove lib [gcc_s]
  collapse library dir [/usr/lib/gcc/arm-linux-gnueabi/4.9] ==> [/usr/lib/gcc/arm-linux-gnueabi/4.9]
  collapse library dir [/usr/lib/gcc/arm-linux-gnueabi/4.9/../../../arm-linux-gnueabi] ==> [/usr/lib/arm-linux-gnueabi]
  collapse library dir [/usr/lib/gcc/arm-linux-gnueabi/4.9/../../..] ==> [/usr/lib]
  collapse library dir [/lib/arm-linux-gnueabi] ==> [/lib/arm-linux-gnueabi]
  collapse library dir [/usr/lib/arm-linux-gnueabi] ==> [/usr/lib/arm-linux-gnueabi]
  implicit libs: [c]
  implicit dirs: [/usr/lib/gcc/arm-linux-gnueabi/4.9;/usr/lib/arm-linux-gnueabi;/usr/lib;/lib/arm-linux-gnueabi]
  implicit fwks: []


Determining if the CXX compiler works passed with the following output:
Change Dir: /home/robot/catkin_ws/build/CMakeFiles/CMakeTmp

Run Build Command:"/usr/bin/make" "cmTryCompileExec1421950769/fast"
/usr/bin/make -f CMakeFiles/cmTryCompileExec1421950769.dir/build.make CMakeFiles/cmTryCompileExec1421950769.dir/build
make[1]: Entering directory '/home/robot/catkin_ws/build/CMakeFiles/CMakeTmp'
/usr/bin/cmake -E cmake_progress_report /home/robot/catkin_ws/build/CMakeFiles/CMakeTmp/CMakeFiles 1
Building CXX object CMakeFiles/cmTryCompileExec1421950769.dir/testCXXCompiler.cxx.o
/usr/bin/c++     -o CMakeFiles/cmTryCompileExec1421950769.dir/testCXXCompiler.cxx.o -c /home/robot/catkin_ws/build/CMakeFiles/CMakeTmp/testCXXCompiler.cxx
Linking CXX executable cmTryCompileExec1421950769
/usr/bin/cmake -E cmake_link_script CMakeFiles/cmTryCompileExec1421950769.dir/link.txt --verbose=1
/usr/bin/c++        CMakeFiles/cmTryCompileExec1421950769.dir/testCXXCompiler.cxx.o  -o cmTryCompileExec1421950769 -rdynamic 
make[1]: Leaving directory '/home/robot/catkin_ws/build/CMakeFiles/CMakeTmp'


Detecting CXX compiler ABI info compiled with the following output:
Change Dir: /home/robot/catkin_ws/build/CMakeFiles/CMakeTmp

Run Build Command:"/usr/bin/make" "cmTryCompileExec1610281855/fast"
/usr/bin/make -f CMakeFiles/cmTryCompileExec1610281855.dir/build.make CMakeFiles/cmTryCompileExec1610281855.dir/build
make[1]: Entering directory '/home/robot/catkin_ws/build/CMakeFiles/CMakeTmp'
/usr/bin/cmake -E cmake_progress_report /home/robot/catkin_ws/build/CMakeFiles/CMakeTmp/CMakeFiles 1
Building CXX object CMakeFiles/cmTryCompileExec1610281855.dir/CMakeCXXCompilerABI.cpp.o
/usr/bin/c++     -o CMakeFiles/cmTryCompileExec1610281855.dir/CMakeCXXCompilerABI.cpp.o -c /usr/share/cmake-3.0/Modules/CMakeCXXCompilerABI.cpp
Linking CXX executable cmTryCompileExec1610281855
/usr/bin/cmake -E cmake_link_script CMakeFiles/cmTryCompileExec1610281855.dir/link.txt --verbose=1
/usr/bin/c++      -v CMakeFiles/cmTryCompileExec1610281855.dir/CMakeCXXCompilerABI.cpp.o  -o cmTryCompileExec1610281855 -rdynamic  
Using built-in specs.
COLLECT_GCC=/usr/bin/c++
COLLECT_LTO_WRAPPER=/usr/lib/gcc/arm-linux-gnueabi/4.9/lto-wrapper
Target: arm-linux-gnueabi
Configured with: ../src/configure -v --with-pkgversion='Debian 4.9.2-10+deb8u2' --with-bugurl=file:///usr/share/doc/gcc-4.9/README.Bugs --enable-languages=c,c++,java,go,d,fortran,objc,obj-c++ --prefix=/usr --program-suffix=-4.9 --enable-shared --enable-linker-build-id --libexecdir=/usr/lib --without-included-gettext --enable-threads=posix --with-gxx-include-dir=/usr/include/c++/4.9 --libdir=/usr/lib --enable-nls --with-sysroot=/ --enable-clocale=gnu --enable-libstdcxx-debug --enable-libstdcxx-time=yes --enable-gnu-unique-object --disable-libitm --disable-libquadmath --enable-plugin --with-system-zlib --disable-browser-plugin --enable-java-awt=gtk --enable-gtk-cairo --with-java-home=/usr/lib/jvm/java-1.5.0-gcj-4.9-armel/jre --enable-java-home --with-jvm-root-dir=/usr/lib/jvm/java-1.5.0-gcj-4.9-armel --with-jvm-jar-dir=/usr/lib/jvm-exports/java-1.5.0-gcj-4.9-armel --with-arch-directory=arm --with-ecj-jar=/usr/share/java/eclipse-ecj.jar --enable-objc-gc --enable-multiarch --disable-sjlj-exceptions --with-arch=armv4t --with-float=soft --enable-checking=release --build=arm-linux-gnueabi --host=arm-linux-gnueabi --target=arm-linux-gnueabi
Thread model: posix
gcc version 4.9.2 (Debian 4.9.2-10+deb8u2) 
COMPILER_PATH=/usr/lib/gcc/arm-linux-gnueabi/4.9/:/usr/lib/gcc/arm-linux-gnueabi/4.9/:/usr/lib/gcc/arm-linux-gnueabi/:/usr/lib/gcc/arm-linux-gnueabi/4.9/:/usr/lib/gcc/arm-linux-gnueabi/
LIBRARY_PATH=/usr/lib/gcc/arm-linux-gnueabi/4.9/:/usr/lib/gcc/arm-linux-gnueabi/4.9/../../../arm-linux-gnueabi/:/usr/lib/gcc/arm-linux-gnueabi/4.9/../../../:/lib/arm-linux-gnueabi/:/lib/:/usr/lib/arm-linux-gnueabi/:/usr/lib/
COLLECT_GCC_OPTIONS='-v' '-o' 'cmTryCompileExec1610281855' '-rdynamic' '-shared-libgcc' '-march=armv4t' '-mfloat-abi=soft' '-mtls-dialect=gnu'
 /usr/lib/gcc/arm-linux-gnueabi/4.9/collect2 -plugin /usr/lib/gcc/arm-linux-gnueabi/4.9/liblto_plugin.so -plugin-opt=/usr/lib/gcc/arm-linux-gnueabi/4.9/lto-wrapper -plugin-opt=-fresolution=/tmp/cco7slXe.res -plugin-opt=-pass-through=-lgcc_s -plugin-opt=-pass-through=-lgcc -plugin-opt=-pass-through=-lc -plugin-opt=-pass-through=-lgcc_s -plugin-opt=-pass-through=-lgcc --sysroot=/ --build-id --eh-frame-hdr -export-dynamic -dynamic-linker /lib/ld-linux.so.3 -X --hash-style=gnu -m armelf_linux_eabi -o cmTryCompileExec1610281855 /usr/lib/gcc/arm-linux-gnueabi/4.9/../../../arm-linux-gnueabi/crt1.o /usr/lib/gcc/arm-linux-gnueabi/4.9/../../../arm-linux-gnueabi/crti.o /usr/lib/gcc/arm-linux-gnueabi/4.9/crtbegin.o -L/usr/lib/gcc/arm-linux-gnueabi/4.9 -L/usr/lib/gcc/arm-linux-gnueabi/4.9/../../../arm-linux-gnueabi -L/usr/lib/gcc/arm-linux-gnueabi/4.9/../../.. -L/lib/arm-linux-gnueabi -L/usr/lib/arm-linux-gnueabi CMakeFiles/cmTryCompileExec1610281855.dir/CMakeCXXCompilerABI.cpp.o -lstdc++ -lm -lgcc_s -lgcc -lc -lgcc_s -lgcc /usr/lib/gcc/arm-linux-gnueabi/4.9/crtend.o /usr/lib/gcc/arm-linux-gnueabi/4.9/../../../arm-linux-gnueabi/crtn.o
make[1]: Leaving directory '/home/robot/catkin_ws/build/CMakeFiles/CMakeTmp'


Parsed CXX implicit link information from above output:
  link line regex: [^( *|.*[/\])(ld|([^/\]+-)?ld|collect2)[^/\]*( |$)]
  ignore line: [Change Dir: /home/robot/catkin_ws/build/CMakeFiles/CMakeTmp]
  ignore line: []
  ignore line: [Run Build Command:"/usr/bin/make" "cmTryCompileExec1610281855/fast"]
  ignore line: [/usr/bin/make -f CMakeFiles/cmTryCompileExec1610281855.dir/build.make CMakeFiles/cmTryCompileExec1610281855.dir/build]
  ignore line: [make[1]: Entering directory '/home/robot/catkin_ws/build/CMakeFiles/CMakeTmp']
  ignore line: [/usr/bin/cmake -E cmake_progress_report /home/robot/catkin_ws/build/CMakeFiles/CMakeTmp/CMakeFiles 1]
  ignore line: [Building CXX object CMakeFiles/cmTryCompileExec1610281855.dir/CMakeCXXCompilerABI.cpp.o]
  ignore line: [/usr/bin/c++     -o CMakeFiles/cmTryCompileExec1610281855.dir/CMakeCXXCompilerABI.cpp.o -c /usr/share/cmake-3.0/Modules/CMakeCXXCompilerABI.cpp]
  ignore line: [Linking CXX executable cmTryCompileExec1610281855]
  ignore line: [/usr/bin/cmake -E cmake_link_script CMakeFiles/cmTryCompileExec1610281855.dir/link.txt --verbose=1]
  ignore line: [/usr/bin/c++      -v CMakeFiles/cmTryCompileExec1610281855.dir/CMakeCXXCompilerABI.cpp.o  -o cmTryCompileExec1610281855 -rdynamic  ]
  ignore line: [Using built-in specs.]
  ignore line: [COLLECT_GCC=/usr/bin/c++]
  ignore line: [COLLECT_LTO_WRAPPER=/usr/lib/gcc/arm-linux-gnueabi/4.9/lto-wrapper]
  ignore line: [Target: arm-linux-gnueabi]
  ignore line: [Configured with: ../src/configure -v --with-pkgversion='Debian 4.9.2-10+deb8u2' --with-bugurl=file:///usr/share/doc/gcc-4.9/README.Bugs --enable-languages=c,c++,java,go,d,fortran,objc,obj-c++ --prefix=/usr --program-suffix=-4.9 --enable-shared --enable-linker-build-id --libexecdir=/usr/lib --without-included-gettext --enable-threads=posix --with-gxx-include-dir=/usr/include/c++/4.9 --libdir=/usr/lib --enable-nls --with-sysroot=/ --enable-clocale=gnu --enable-libstdcxx-debug --enable-libstdcxx-time=yes --enable-gnu-unique-object --disable-libitm --disable-libquadmath --enable-plugin --with-system-zlib --disable-browser-plugin --enable-java-awt=gtk --enable-gtk-cairo --with-java-home=/usr/lib/jvm/java-1.5.0-gcj-4.9-armel/jre --enable-java-home --with-jvm-root-dir=/usr/lib/jvm/java-1.5.0-gcj-4.9-armel --with-jvm-jar-dir=/usr/lib/jvm-exports/java-1.5.0-gcj-4.9-armel --with-arch-directory=arm --with-ecj-jar=/usr/share/java/eclipse-ecj.jar --enable-objc-gc --enable-multiarch --disable-sjlj-exceptions --with-arch=armv4t --with-float=soft --enable-checking=release --build=arm-linux-gnueabi --host=arm-linux-gnueabi --target=arm-linux-gnueabi]
  ignore line: [Thread model: posix]
  ignore line: [gcc version 4.9.2 (Debian 4.9.2-10+deb8u2) ]
  ignore line: [COMPILER_PATH=/usr/lib/gcc/arm-linux-gnueabi/4.9/:/usr/lib/gcc/arm-linux-gnueabi/4.9/:/usr/lib/gcc/arm-linux-gnueabi/:/usr/lib/gcc/arm-linux-gnueabi/4.9/:/usr/lib/gcc/arm-linux-gnueabi/]
  ignore line: [LIBRARY_PATH=/usr/lib/gcc/arm-linux-gnueabi/4.9/:/usr/lib/gcc/arm-linux-gnueabi/4.9/../../../arm-linux-gnueabi/:/usr/lib/gcc/arm-linux-gnueabi/4.9/../../../:/lib/arm-linux-gnueabi/:/lib/:/usr/lib/arm-linux-gnueabi/:/usr/lib/]
  ignore line: [COLLECT_GCC_OPTIONS='-v' '-o' 'cmTryCompileExec1610281855' '-rdynamic' '-shared-libgcc' '-march=armv4t' '-mfloat-abi=soft' '-mtls-dialect=gnu']
  link line: [ /usr/lib/gcc/arm-linux-gnueabi/4.9/collect2 -plugin /usr/lib/gcc/arm-linux-gnueabi/4.9/liblto_plugin.so -plugin-opt=/usr/lib/gcc/arm-linux-gnueabi/4.9/lto-wrapper -plugin-opt=-fresolution=/tmp/cco7slXe.res -plugin-opt=-pass-through=-lgcc_s -plugin-opt=-pass-through=-lgcc -plugin-opt=-pass-through=-lc -plugin-opt=-pass-through=-lgcc_s -plugin-opt=-pass-through=-lgcc --sysroot=/ --build-id --eh-frame-hdr -export-dynamic -dynamic-linker /lib/ld-linux.so.3 -X --hash-style=gnu -m armelf_linux_eabi -o cmTryCompileExec1610281855 /usr/lib/gcc/arm-linux-gnueabi/4.9/../../../arm-linux-gnueabi/crt1.o /usr/lib/gcc/arm-linux-gnueabi/4.9/../../../arm-linux-gnueabi/crti.o /usr/lib/gcc/arm-linux-gnueabi/4.9/crtbegin.o -L/usr/lib/gcc/arm-linux-gnueabi/4.9 -L/usr/lib/gcc/arm-linux-gnueabi/4.9/../../../arm-linux-gnueabi -L/usr/lib/gcc/arm-linux-gnueabi/4.9/../../.. -L/lib/arm-linux-gnueabi -L/usr/lib/arm-linux-gnueabi CMakeFiles/cmTryCompileExec1610281855.dir/CMakeCXXCompilerABI.cpp.o -lstdc++ -lm -lgcc_s -lgcc -lc -lgcc_s -lgcc /usr/lib/gcc/arm-linux-gnueabi/4.9/crtend.o /usr/lib/gcc/arm-linux-gnueabi/4.9/../../../arm-linux-gnueabi/crtn.o]
    arg [/usr/lib/gcc/arm-linux-gnueabi/4.9/collect2] ==> ignore
    arg [-plugin] ==> ignore
    arg [/usr/lib/gcc/arm-linux-gnueabi/4.9/liblto_plugin.so] ==> ignore
    arg [-plugin-opt=/usr/lib/gcc/arm-linux-gnueabi/4.9/lto-wrapper] ==> ignore
    arg [-plugin-opt=-fresolution=/tmp/cco7slXe.res] ==> ignore
    arg [-plugin-opt=-pass-through=-lgcc_s] ==> ignore
    arg [-plugin-opt=-pass-through=-lgcc] ==> ignore
    arg [-plugin-opt=-pass-through=-lc] ==> ignore
    arg [-plugin-opt=-pass-through=-lgcc_s] ==> ignore
    arg [-plugin-opt=-pass-through=-lgcc] ==> ignore
    arg [--sysroot=/] ==> ignore
    arg [--build-id] ==> ignore
    arg [--eh-frame-hdr] ==> ignore
    arg [-export-dynamic] ==> ignore
    arg [-dynamic-linker] ==> ignore
    arg [/lib/ld-linux.so.3] ==> ignore
    arg [-X] ==> ignore
    arg [--hash-style=gnu] ==> ignore
    arg [-m] ==> ignore
    arg [armelf_linux_eabi] ==> ignore
    arg [-o] ==> ignore
    arg [cmTryCompileExec1610281855] ==> ignore
    arg [/usr/lib/gcc/arm-linux-gnueabi/4.9/../../../arm-linux-gnueabi/crt1.o] ==> ignore
    arg [/usr/lib/gcc/arm-linux-gnueabi/4.9/../../../arm-linux-gnueabi/crti.o] ==> ignore
    arg [/usr/lib/gcc/arm-linux-gnueabi/4.9/crtbegin.o] ==> ignore
    arg [-L/usr/lib/gcc/arm-linux-gnueabi/4.9] ==> dir [/usr/lib/gcc/arm-linux-gnueabi/4.9]
    arg [-L/usr/lib/gcc/arm-linux-gnueabi/4.9/../../../arm-linux-gnueabi] ==> dir [/usr/lib/gcc/arm-linux-gnueabi/4.9/../../../arm-linux-gnueabi]
    arg [-L/usr/lib/gcc/arm-linux-gnueabi/4.9/../../..] ==> dir [/usr/lib/gcc/arm-linux-gnueabi/4.9/../../..]
    arg [-L/lib/arm-linux-gnueabi] ==> dir [/lib/arm-linux-gnueabi]
    arg [-L/usr/lib/arm-linux-gnueabi] ==> dir [/usr/lib/arm-linux-gnueabi]
    arg [CMakeFiles/cmTryCompileExec1610281855.dir/CMakeCXXCompilerABI.cpp.o] ==> ignore
    arg [-lstdc++] ==> lib [stdc++]
    arg [-lm] ==> lib [m]
    arg [-lgcc_s] ==> lib [gcc_s]
    arg [-lgcc] ==> lib [gcc]
    arg [-lc] ==> lib [c]
    arg [-lgcc_s] ==> lib [gcc_s]
    arg [-lgcc] ==> lib [gcc]
    arg [/usr/lib/gcc/arm-linux-gnueabi/4.9/crtend.o] ==> ignore
    arg [/usr/lib/gcc/arm-linux-gnueabi/4.9/../../../arm-linux-gnueabi/crtn.o] ==> ignore
  remove lib [gcc_s]
  remove lib [gcc]
  remove lib [gcc_s]
  remove lib [gcc]
  collapse library dir [/usr/lib/gcc/arm-linux-gnueabi/4.9] ==> [/usr/lib/gcc/arm-linux-gnueabi/4.9]
  collapse library dir [/usr/lib/gcc/arm-linux-gnueabi/4.9/../../../arm-linux-gnueabi] ==> [/usr/lib/arm-linux-gnueabi]
  collapse library dir [/usr/lib/gcc/arm-linux-gnueabi/4.9/../../..] ==> [/usr/lib]
  collapse library dir [/lib/arm-linux-gnueabi] ==> [/lib/arm-linux-gnueabi]
  collapse library dir [/usr/lib/arm-linux-gnueabi] ==> [/usr/lib/arm-linux-gnueabi]
  implicit libs: [stdc++;m;c]
  implicit dirs: [/usr/lib/gcc/arm-linux-gnueabi/4.9;/usr/lib/arm-linux-gnueabi;/usr/lib;/lib/arm-linux-gnueabi]
  implicit fwks: []


Determining if files pthread.h exist passed with the following output:
Change Dir: /home/robot/catkin_ws/build/CMakeFiles/CMakeTmp

Run Build Command:"/usr/bin/make" "cmTryCompileExec3216355842/fast"
/usr/bin/make -f CMakeFiles/cmTryCompileExec3216355842.dir/build.make CMakeFiles/cmTryCompileExec3216355842.dir/build
make[1]: Entering directory '/home/robot/catkin_ws/build/CMakeFiles/CMakeTmp'
/usr/bin/cmake -E cmake_progress_report /home/robot/catkin_ws/build/CMakeFiles/CMakeTmp/CMakeFiles 1
Building C object CMakeFiles/cmTryCompileExec3216355842.dir/CheckIncludeFiles.c.o
/usr/bin/cc    -o CMakeFiles/cmTryCompileExec3216355842.dir/CheckIncludeFiles.c.o   -c /home/robot/catkin_ws/build/CMakeFiles/CMakeTmp/CheckIncludeFiles.c
Linking C executable cmTryCompileExec3216355842
/usr/bin/cmake -E cmake_link_script CMakeFiles/cmTryCompileExec3216355842.dir/link.txt --verbose=1
/usr/bin/cc       CMakeFiles/cmTryCompileExec3216355842.dir/CheckIncludeFiles.c.o  -o cmTryCompileExec3216355842 -rdynamic 
make[1]: Leaving directory '/home/robot/catkin_ws/build/CMakeFiles/CMakeTmp'


Determining if the function pthread_create exists in the pthread passed with the following output:
Change Dir: /home/robot/catkin_ws/build/CMakeFiles/CMakeTmp

Run Build Command:"/usr/bin/make" "cmTryCompileExec1382133113/fast"
/usr/bin/make -f CMakeFiles/cmTryCompileExec1382133113.dir/build.make CMakeFiles/cmTryCompileExec1382133113.dir/build
make[1]: Entering directory '/home/robot/catkin_ws/build/CMakeFiles/CMakeTmp'
/usr/bin/cmake -E cmake_progress_report /home/robot/catkin_ws/build/CMakeFiles/CMakeTmp/CMakeFiles 1
Building C object CMakeFiles/cmTryCompileExec1382133113.dir/CheckFunctionExists.c.o
/usr/bin/cc   -DCHECK_FUNCTION_EXISTS=pthread_create   -o CMakeFiles/cmTryCompileExec1382133113.dir/CheckFunctionExists.c.o   -c /usr/share/cmake-3.0/Modules/CheckFunctionExists.c
Linking C executable cmTryCompileExec1382133113
/usr/bin/cmake -E cmake_link_script CMakeFiles/cmTryCompileExec1382133113.dir/link.txt --verbose=1
/usr/bin/cc   -DCHECK_FUNCTION_EXISTS=pthread_create    CMakeFiles/cmTryCompileExec1382133113.dir/CheckFunctionExists.c.o  -o cmTryCompileExec1382133113 -rdynamic -lpthread 
make[1]: Leaving directory '/home/robot/catkin_ws/build/CMakeFiles/CMakeTmp'


